<?xml version="1.0" encoding="utf-8"?><testsuites name="pytest tests"><testsuite name="pytest" errors="0" failures="0" skipped="0" tests="4" time="2.525" timestamp="2026-08-25T10:54:50.029064+00:00" hostname="agent-env-34cd2b4b-22e7-4730-a776-55725a045a49"><testcase classname="tests.test_eqoband_api" name="test_telemetry_shape_and_values" time="0.287" /><testcase classname="tests.test_eqoband_api" name="test_insights_shape" time="0.182" /><testcase classname="tests.test_eqoband_api" name="test_ai_chat_returns_answer_for_custom_question" time="1.595" /><testcase classname="tests.test_eqoband_api" name="test_ai_chat_rejects_blank_message" time="0.151" /></testsuite></testsuites>